c:\sideproject\systemprogramming\windowssystem\commandproject\commandproject\commandproject\debug\vc142.pdb
c:\sideproject\systemprogramming\windowssystem\commandproject\commandproject\commandproject\debug\vc142.idb
c:\sideproject\systemprogramming\windowssystem\commandproject\commandproject\commandproject\debug\commandprmpt_one.obj
c:\sideproject\systemprogramming\windowssystem\commandproject\commandproject\commandproject\debug\chapter6_answer.obj
c:\sideproject\systemprogramming\windowssystem\commandproject\commandproject\debug\commandproject.exe
c:\sideproject\systemprogramming\windowssystem\commandproject\commandproject\debug\commandproject.ilk
c:\sideproject\systemprogramming\windowssystem\commandproject\commandproject\debug\commandproject.pdb
c:\sideproject\systemprogramming\windowssystem\commandproject\commandproject\commandproject\debug\commandproject.tlog\cl.command.1.tlog
c:\sideproject\systemprogramming\windowssystem\commandproject\commandproject\commandproject\debug\commandproject.tlog\cl.read.1.tlog
c:\sideproject\systemprogramming\windowssystem\commandproject\commandproject\commandproject\debug\commandproject.tlog\cl.write.1.tlog
c:\sideproject\systemprogramming\windowssystem\commandproject\commandproject\commandproject\debug\commandproject.tlog\link-cvtres.read.1.tlog
c:\sideproject\systemprogramming\windowssystem\commandproject\commandproject\commandproject\debug\commandproject.tlog\link-cvtres.write.1.tlog
c:\sideproject\systemprogramming\windowssystem\commandproject\commandproject\commandproject\debug\commandproject.tlog\link-rc.read.1.tlog
c:\sideproject\systemprogramming\windowssystem\commandproject\commandproject\commandproject\debug\commandproject.tlog\link-rc.write.1.tlog
c:\sideproject\systemprogramming\windowssystem\commandproject\commandproject\commandproject\debug\commandproject.tlog\link.8752-cvtres.read.1.tlog
c:\sideproject\systemprogramming\windowssystem\commandproject\commandproject\commandproject\debug\commandproject.tlog\link.8752-cvtres.write.1.tlog
c:\sideproject\systemprogramming\windowssystem\commandproject\commandproject\commandproject\debug\commandproject.tlog\link.8752-rc.read.1.tlog
c:\sideproject\systemprogramming\windowssystem\commandproject\commandproject\commandproject\debug\commandproject.tlog\link.8752-rc.write.1.tlog
c:\sideproject\systemprogramming\windowssystem\commandproject\commandproject\commandproject\debug\commandproject.tlog\link.8752.read.1.tlog
c:\sideproject\systemprogramming\windowssystem\commandproject\commandproject\commandproject\debug\commandproject.tlog\link.8752.write.1.tlog
c:\sideproject\systemprogramming\windowssystem\commandproject\commandproject\commandproject\debug\commandproject.tlog\link.command.1.tlog
c:\sideproject\systemprogramming\windowssystem\commandproject\commandproject\commandproject\debug\commandproject.tlog\link.read.1.tlog
c:\sideproject\systemprogramming\windowssystem\commandproject\commandproject\commandproject\debug\commandproject.tlog\link.write.1.tlog
