d:\project reposit\windowssystem\windowssystem\windowssystem\debug\vc142.pdb
d:\project reposit\windowssystem\windowssystem\windowssystem\debug\vc142.idb
d:\project reposit\windowssystem\windowssystem\windowssystem\debug\adderprocess.obj
d:\project reposit\windowssystem\windowssystem\windowssystem\debug\createprocess.obj
d:\project reposit\windowssystem\windowssystem\windowssystem\debug\operation1.obj
d:\project reposit\windowssystem\windowssystem\windowssystem\debug\operation2.obj
d:\project reposit\windowssystem\windowssystem\windowssystem\debug\mailreceiver.obj
d:\project reposit\windowssystem\windowssystem\debug\windowssystem.ilk
d:\project reposit\windowssystem\windowssystem\debug\windowssystem.exe
d:\project reposit\windowssystem\windowssystem\debug\windowssystem.pdb
d:\project reposit\windowssystem\windowssystem\windowssystem\debug\소스.obj
d:\project reposit\windowssystem\windowssystem\windowssystem\debug\windowssystem.tlog\cl.command.1.tlog
d:\project reposit\windowssystem\windowssystem\windowssystem\debug\windowssystem.tlog\cl.read.1.tlog
d:\project reposit\windowssystem\windowssystem\windowssystem\debug\windowssystem.tlog\cl.write.1.tlog
d:\project reposit\windowssystem\windowssystem\windowssystem\debug\windowssystem.tlog\link-cvtres.read.1.tlog
d:\project reposit\windowssystem\windowssystem\windowssystem\debug\windowssystem.tlog\link-cvtres.write.1.tlog
d:\project reposit\windowssystem\windowssystem\windowssystem\debug\windowssystem.tlog\link-rc.read.1.tlog
d:\project reposit\windowssystem\windowssystem\windowssystem\debug\windowssystem.tlog\link-rc.write.1.tlog
d:\project reposit\windowssystem\windowssystem\windowssystem\debug\windowssystem.tlog\link.76564-cvtres.read.1.tlog
d:\project reposit\windowssystem\windowssystem\windowssystem\debug\windowssystem.tlog\link.76564-cvtres.write.1.tlog
d:\project reposit\windowssystem\windowssystem\windowssystem\debug\windowssystem.tlog\link.76564-rc.read.1.tlog
d:\project reposit\windowssystem\windowssystem\windowssystem\debug\windowssystem.tlog\link.76564-rc.write.1.tlog
d:\project reposit\windowssystem\windowssystem\windowssystem\debug\windowssystem.tlog\link.76564.read.1.tlog
d:\project reposit\windowssystem\windowssystem\windowssystem\debug\windowssystem.tlog\link.76564.write.1.tlog
d:\project reposit\windowssystem\windowssystem\windowssystem\debug\windowssystem.tlog\link.command.1.tlog
d:\project reposit\windowssystem\windowssystem\windowssystem\debug\windowssystem.tlog\link.read.1.tlog
d:\project reposit\windowssystem\windowssystem\windowssystem\debug\windowssystem.tlog\link.write.1.tlog
