c:\sideproject\systemprogramming\windowssystem\chapter12\chapter12\chapter12\debug\vc142.pdb
c:\sideproject\systemprogramming\windowssystem\chapter12\chapter12\chapter12\debug\vc142.idb
c:\sideproject\systemprogramming\windowssystem\chapter12\chapter12\chapter12\debug\countthread.obj
c:\sideproject\systemprogramming\windowssystem\chapter12\chapter12\chapter12\debug\threadadderone.obj
c:\sideproject\systemprogramming\windowssystem\chapter12\chapter12\chapter12\debug\countthreadmultithread.obj
c:\sideproject\systemprogramming\windowssystem\chapter12\chapter12\debug\chapter12.pdb
c:\sideproject\systemprogramming\windowssystem\chapter12\chapter12\chapter12\debug\chapter12.tlog\cl.command.1.tlog
c:\sideproject\systemprogramming\windowssystem\chapter12\chapter12\chapter12\debug\chapter12.tlog\cl.read.1.tlog
c:\sideproject\systemprogramming\windowssystem\chapter12\chapter12\chapter12\debug\chapter12.tlog\cl.write.1.tlog
c:\sideproject\systemprogramming\windowssystem\chapter12\chapter12\chapter12\debug\chapter12.tlog\link-cvtres.read.1.tlog
c:\sideproject\systemprogramming\windowssystem\chapter12\chapter12\chapter12\debug\chapter12.tlog\link-cvtres.write.1.tlog
c:\sideproject\systemprogramming\windowssystem\chapter12\chapter12\chapter12\debug\chapter12.tlog\link-rc.read.1.tlog
c:\sideproject\systemprogramming\windowssystem\chapter12\chapter12\chapter12\debug\chapter12.tlog\link-rc.write.1.tlog
c:\sideproject\systemprogramming\windowssystem\chapter12\chapter12\chapter12\debug\chapter12.tlog\link.14160-cvtres.read.1.tlog
c:\sideproject\systemprogramming\windowssystem\chapter12\chapter12\chapter12\debug\chapter12.tlog\link.14160-cvtres.write.1.tlog
c:\sideproject\systemprogramming\windowssystem\chapter12\chapter12\chapter12\debug\chapter12.tlog\link.14160-rc.read.1.tlog
c:\sideproject\systemprogramming\windowssystem\chapter12\chapter12\chapter12\debug\chapter12.tlog\link.14160-rc.write.1.tlog
c:\sideproject\systemprogramming\windowssystem\chapter12\chapter12\chapter12\debug\chapter12.tlog\link.14160.read.1.tlog
c:\sideproject\systemprogramming\windowssystem\chapter12\chapter12\chapter12\debug\chapter12.tlog\link.14160.write.1.tlog
c:\sideproject\systemprogramming\windowssystem\chapter12\chapter12\chapter12\debug\chapter12.tlog\link.command.1.tlog
c:\sideproject\systemprogramming\windowssystem\chapter12\chapter12\chapter12\debug\chapter12.tlog\link.read.1.tlog
c:\sideproject\systemprogramming\windowssystem\chapter12\chapter12\chapter12\debug\chapter12.tlog\link.write.1.tlog
